# JRE version: Java(TM) SE Runtime Environment (11.0.6+8) (build 11.0.6+8-LTS)
# Java VM: Java HotSpot(TM) 64-Bit Server VM (11.0.6+8-LTS, mixed mode, tiered, compressed oops, g1 gc, windows-amd64)
Heap:
 garbage-first heap   total 8192K, used 1712K [0x0000000081e00000, 0x0000000100000000)
  region size 1024K, 1 young (1024K), 1 survivors (1024K)
 Metaspace       used 10750K, capacity 10925K, committed 11008K, reserved 1067008K
  class space    used 1125K, capacity 1202K, committed 1280K, reserved 1048576K
GC Heap History (6 events):
Event: 0.441 GC heap before
{Heap before GC invocations=0 (full 0):
 garbage-first heap   total 8192K, used 3072K [0x0000000081e00000, 0x0000000100000000)
  region size 1024K, 3 young (3072K), 0 survivors (0K)
 Metaspace       used 8498K, capacity 8644K, committed 8832K, reserved 1056768K
  class space    used 823K, capacity 867K, committed 896K, reserved 1048576K
}
Event: 0.445 GC heap after
{Heap after GC invocations=1 (full 0):
 garbage-first heap   total 8192K, used 1125K [0x0000000081e00000, 0x0000000100000000)
  region size 1024K, 1 young (1024K), 1 survivors (1024K)
 Metaspace       used 8498K, capacity 8644K, committed 8832K, reserved 1056768K
  class space    used 823K, capacity 867K, committed 896K, reserved 1048576K
}
Event: 0.531 GC heap before
{Heap before GC invocations=1 (full 0):
 garbage-first heap   total 8192K, used 2149K [0x0000000081e00000, 0x0000000100000000)
  region size 1024K, 2 young (2048K), 1 survivors (1024K)
 Metaspace       used 9852K, capacity 10037K, committed 10112K, reserved 1058816K
  class space    used 1030K, capacity 1097K, committed 1152K, reserved 1048576K
}
Event: 0.535 GC heap after
{Heap after GC invocations=2 (full 0):
 garbage-first heap   total 8192K, used 1661K [0x0000000081e00000, 0x0000000100000000)
  region size 1024K, 1 young (1024K), 1 survivors (1024K)
 Metaspace       used 9852K, capacity 10037K, committed 10112K, reserved 1058816K
  class space    used 1030K, capacity 1097K, committed 1152K, reserved 1048576K
}
Event: 0.589 GC heap before
{Heap before GC invocations=2 (full 0):
 garbage-first heap   total 8192K, used 1661K [0x0000000081e00000, 0x0000000100000000)
  region size 1024K, 2 young (2048K), 1 survivors (1024K)
 Metaspace       used 10750K, capacity 10925K, committed 11008K, reserved 1064960K
  class space    used 1125K, capacity 1202K, committed 1280K, reserved 1048576K
}
Event: 0.590 GC heap after
{Heap after GC invocations=3 (full 0):
 garbage-first heap   total 8192K, used 1712K [0x0000000081e00000, 0x0000000100000000)
  region size 1024K, 1 young (1024K), 1 survivors (1024K)
 Metaspace       used 10750K, capacity 10925K, committed 11008K, reserved 1064960K
  class space    used 1125K, capacity 1202K, committed 1280K, reserved 1048576K
}

